Arguments: 
  C:\Program Files\nodejs\node.exe C:\Users\a.rehan\AppData\Roaming\npm\node_modules\yarn\bin\yarn.js add react-bootdtrap

PATH: 
  C:\Program Files (x86)\Common Files\Oracle\Java\javapath;C:\WINDOWS\system32;C:\WINDOWS;C:\WINDOWS\System32\Wbem;C:\WINDOWS\System32\WindowsPowerShell\v1.0\;C:\WINDOWS\System32\OpenSSH\;C:\Program Files\Git\cmd;C:\Program Files\PuTTY\;C:\Program Files (x86)\Sennheiser\SenncomSDK\;C:\Program Files\Common Files\ThinPrint\;C:\Program Files\nodejs\;C:\Users\a.rehan\Desktop\Apps;C:\Users\a.rehan\.windows-build-tools\python27\;C:\Program Files\nodejs\node_modules\npm\node_modules\npm-lifecycle\node-gyp-bin;C:\Users\a.rehan\AppData\Roaming\npm\node_modules\windows-build-tools\node_modules\.bin;C:\Users\a.rehan\AppData\Roaming\npm\node_modules\.bin;C:\Program Files (x86)\Common Files\Oracle\Java\javapath;C:\windows\system32;C:\windows;C:\windows\System32\Wbem;C:\windows\System32\WindowsPowerShell\v1.0\;C:\windows\System32\OpenSSH\;C:\Program Files\nodejs\;C:\Program Files\Git\cmd;C:\Program Files\PuTTY\;C:\Users\a.rehan\AppData\Local\Microsoft\WindowsApps;C:\Users\a.rehan\AppData\Local\Programs\Microsoft VS Code\bin;C:\Users\a.rehan\AppData\Local\Microsoft\WindowsApps;C:\Users\a.rehan\AppData\Roaming\npm;C:\Program Files (x86)\Java\jre7\bin;C:\Users\a.rehan\AppData\Local\Yarn\bin;

Yarn version: 
  1.12.1

Node version: 
  16.14.1

Platform: 
  win32 x64

Trace: 
  Error: http://registry.npmjs.org/react-bootdtrap: Not found
      at Request.params.callback [as _callback] (C:\Users\a.rehan\AppData\Roaming\npm\node_modules\yarn\lib\cli.js:62126:18)
      at Request.self.callback (C:\Users\a.rehan\AppData\Roaming\npm\node_modules\yarn\lib\cli.js:124482:22)
      at Request.emit (node:events:526:28)
      at Request.<anonymous> (C:\Users\a.rehan\AppData\Roaming\npm\node_modules\yarn\lib\cli.js:125454:10)
      at Request.emit (node:events:526:28)
      at IncomingMessage.<anonymous> (C:\Users\a.rehan\AppData\Roaming\npm\node_modules\yarn\lib\cli.js:125376:12)
      at Object.onceWrapper (node:events:645:28)
      at IncomingMessage.emit (node:events:538:35)
      at endReadableNT (node:internal/streams/readable:1345:12)
      at processTicksAndRejections (node:internal/process/task_queues:83:21)

npm manifest: 
  {
    "name": "arroban",
    "version": "0.1.0",
    "private": true,
    "dependencies": {
      "@testing-library/jest-dom": "^5.16.2",
      "@testing-library/react": "^12.1.4",
      "@testing-library/user-event": "^13.5.0",
      "react": "^17.0.2",
      "react-dom": "^17.0.2",
      "react-scripts": "5.0.0",
      "web-vitals": "^2.1.4"
    },
    "scripts": {
      "start": "react-scripts start",
      "build": "react-scripts build",
      "test": "react-scripts test",
      "eject": "react-scripts eject"
    },
    "eslintConfig": {
      "extends": [
        "react-app",
        "react-app/jest"
      ]
    },
    "browserslist": {
      "production": [
        ">0.2%",
        "not dead",
        "not op_mini all"
      ],
      "development": [
        "last 1 chrome version",
        "last 1 firefox version",
        "last 1 safari version"
      ]
    }
  }

yarn manifest: 
  No manifest

Lockfile: 
  No lockfile
